24-Sep-2024 14:44:44.867 INFO [main] org.apache.catalina.startup.VersionLoggerListener.log Server version name:   Apache Tomcat/10.1.28
24-Sep-2024 14:44:44.871 INFO [main] org.apache.catalina.startup.VersionLoggerListener.log Server built:          Aug 2 2024 15:14:43 UTC
24-Sep-2024 14:44:44.871 INFO [main] org.apache.catalina.startup.VersionLoggerListener.log Server version number: 10.1.28.0
24-Sep-2024 14:44:44.871 INFO [main] org.apache.catalina.startup.VersionLoggerListener.log OS Name:               Windows 11
24-Sep-2024 14:44:44.871 INFO [main] org.apache.catalina.startup.VersionLoggerListener.log OS Version:            10.0
24-Sep-2024 14:44:44.871 INFO [main] org.apache.catalina.startup.VersionLoggerListener.log Architecture:          amd64
24-Sep-2024 14:44:44.871 INFO [main] org.apache.catalina.startup.VersionLoggerListener.log Java Home:             C:\Program Files\Java\jdk-21
24-Sep-2024 14:44:44.871 INFO [main] org.apache.catalina.startup.VersionLoggerListener.log JVM Version:           21.0.3+7-LTS-152
24-Sep-2024 14:44:44.871 INFO [main] org.apache.catalina.startup.VersionLoggerListener.log JVM Vendor:            Oracle Corporation
24-Sep-2024 14:44:44.872 INFO [main] org.apache.catalina.startup.VersionLoggerListener.log CATALINA_BASE:         C:\Users\Ghelix\Desktop\BAIPTAP\ch06_ex2_survey
24-Sep-2024 14:44:44.872 INFO [main] org.apache.catalina.startup.VersionLoggerListener.log CATALINA_HOME:         C:\apache-tomcat-10.1.28
24-Sep-2024 14:44:44.881 INFO [main] org.apache.catalina.startup.VersionLoggerListener.log Command line argument: --add-opens=java.base/java.lang=ALL-UNNAMED
24-Sep-2024 14:44:44.882 INFO [main] org.apache.catalina.startup.VersionLoggerListener.log Command line argument: --add-opens=java.base/java.io=ALL-UNNAMED
24-Sep-2024 14:44:44.882 INFO [main] org.apache.catalina.startup.VersionLoggerListener.log Command line argument: --add-opens=java.base/java.util=ALL-UNNAMED
24-Sep-2024 14:44:44.882 INFO [main] org.apache.catalina.startup.VersionLoggerListener.log Command line argument: --add-opens=java.base/java.util.concurrent=ALL-UNNAMED
24-Sep-2024 14:44:44.882 INFO [main] org.apache.catalina.startup.VersionLoggerListener.log Command line argument: --add-opens=java.rmi/sun.rmi.transport=ALL-UNNAMED
24-Sep-2024 14:44:44.882 INFO [main] org.apache.catalina.startup.VersionLoggerListener.log Command line argument: -Dcatalina.home=C:\apache-tomcat-10.1.28
24-Sep-2024 14:44:44.882 INFO [main] org.apache.catalina.startup.VersionLoggerListener.log Command line argument: -Dcatalina.base=C:\Users\Ghelix\Desktop\BAIPTAP\ch06_ex2_survey
24-Sep-2024 14:44:44.882 INFO [main] org.apache.catalina.startup.VersionLoggerListener.log Command line argument: -Djava.io.tmpdir=C:\Users\Ghelix\Desktop\BAIPTAP\ch06_ex2_survey\temp
24-Sep-2024 14:44:44.882 INFO [main] org.apache.catalina.startup.VersionLoggerListener.log Command line argument: -Djava.util.logging.config.file=C:\Users\Ghelix\Desktop\BAIPTAP\ch06_ex2_survey\conf\logging.properties
24-Sep-2024 14:44:44.882 INFO [main] org.apache.catalina.startup.VersionLoggerListener.log Command line argument: -Djava.util.logging.manager=org.apache.juli.ClassLoaderLogManager
24-Sep-2024 14:44:44.882 INFO [main] org.apache.catalina.startup.VersionLoggerListener.log Command line argument: -javaagent:C:\Program Files\JetBrains\IntelliJ IDEA 2024.2.0.2\lib\idea_rt.jar=55521:C:\Program Files\JetBrains\IntelliJ IDEA 2024.2.0.2\bin
24-Sep-2024 14:44:44.882 INFO [main] org.apache.catalina.startup.VersionLoggerListener.log Command line argument: -Dfile.encoding=UTF-8
24-Sep-2024 14:44:44.882 INFO [main] org.apache.catalina.startup.VersionLoggerListener.log Command line argument: -Dsun.stdout.encoding=UTF-8
24-Sep-2024 14:44:44.884 INFO [main] org.apache.catalina.startup.VersionLoggerListener.log Command line argument: -Dsun.stderr.encoding=UTF-8
24-Sep-2024 14:44:44.885 INFO [main] org.apache.catalina.core.AprLifecycleListener.lifecycleEvent Loaded Apache Tomcat Native library [2.0.8] using APR version [1.7.4].
24-Sep-2024 14:44:44.890 INFO [main] org.apache.catalina.core.AprLifecycleListener.initializeSSL OpenSSL successfully initialized [OpenSSL 3.0.14 4 Jun 2024]
24-Sep-2024 14:44:45.127 INFO [main] org.apache.coyote.AbstractProtocol.init Initializing ProtocolHandler ["http-nio-8080"]
24-Sep-2024 14:44:45.148 INFO [main] org.apache.catalina.startup.Catalina.load Server initialization in [442] milliseconds
24-Sep-2024 14:44:45.196 INFO [main] org.apache.catalina.core.StandardService.startInternal Starting service [Catalina]
24-Sep-2024 14:44:45.196 INFO [main] org.apache.catalina.core.StandardEngine.startInternal Starting Servlet engine: [Apache Tomcat/10.1.28]
24-Sep-2024 14:44:45.218 INFO [main] org.apache.catalina.startup.HostConfig.deployDescriptor Deploying deployment descriptor [C:\Users\Ghelix\Desktop\BAIPTAP\ch06_ex2_survey\conf\Catalina\localhost\ch06_ex2_survey.xml]
24-Sep-2024 14:44:45.515 INFO [main] org.apache.jasper.servlet.TldScanner.scanJars At least one JAR was scanned for TLDs yet contained no TLDs. Enable debug logging for this logger for a complete list of JARs that were scanned but no TLDs were found in them. Skipping unneeded JARs during scanning can improve startup time and JSP compilation time.
24-Sep-2024 14:44:45.561 INFO [main] org.apache.catalina.startup.HostConfig.deployDescriptor Deployment of deployment descriptor [C:\Users\Ghelix\Desktop\BAIPTAP\ch06_ex2_survey\conf\Catalina\localhost\ch06_ex2_survey.xml] has finished in [343] ms
24-Sep-2024 14:44:45.561 INFO [main] org.apache.catalina.startup.HostConfig.deployDescriptor Deploying deployment descriptor [C:\Users\Ghelix\Desktop\BAIPTAP\ch06_ex2_survey\conf\Catalina\localhost\WebApplication1.xml]
24-Sep-2024 14:44:45.562 WARNING [main] org.apache.catalina.startup.HostConfig.deployDescriptor The path attribute with value [/WebApplication1] in deployment descriptor [C:\Users\Ghelix\Desktop\BAIPTAP\ch06_ex2_survey\conf\Catalina\localhost\WebApplication1.xml] has been ignored
24-Sep-2024 14:44:45.612 INFO [main] org.apache.jasper.servlet.TldScanner.scanJars At least one JAR was scanned for TLDs yet contained no TLDs. Enable debug logging for this logger for a complete list of JARs that were scanned but no TLDs were found in them. Skipping unneeded JARs during scanning can improve startup time and JSP compilation time.
24-Sep-2024 14:44:45.615 INFO [main] org.apache.catalina.startup.HostConfig.deployDescriptor Deployment of deployment descriptor [C:\Users\Ghelix\Desktop\BAIPTAP\ch06_ex2_survey\conf\Catalina\localhost\WebApplication1.xml] has finished in [53] ms
24-Sep-2024 14:44:45.617 INFO [main] org.apache.coyote.AbstractProtocol.start Starting ProtocolHandler ["http-nio-8080"]
24-Sep-2024 14:44:45.633 INFO [main] org.apache.catalina.startup.Catalina.start Server startup in [483] milliseconds
24-Sep-2024 14:45:06.292 INFO [main] org.apache.catalina.startup.VersionLoggerListener.log Server version name:   Apache Tomcat/10.1.28
24-Sep-2024 14:45:06.296 INFO [main] org.apache.catalina.startup.VersionLoggerListener.log Server built:          Aug 2 2024 15:14:43 UTC
24-Sep-2024 14:45:06.297 INFO [main] org.apache.catalina.startup.VersionLoggerListener.log Server version number: 10.1.28.0
24-Sep-2024 14:45:06.297 INFO [main] org.apache.catalina.startup.VersionLoggerListener.log OS Name:               Windows 11
24-Sep-2024 14:45:06.297 INFO [main] org.apache.catalina.startup.VersionLoggerListener.log OS Version:            10.0
24-Sep-2024 14:45:06.297 INFO [main] org.apache.catalina.startup.VersionLoggerListener.log Architecture:          amd64
24-Sep-2024 14:45:06.298 INFO [main] org.apache.catalina.startup.VersionLoggerListener.log Java Home:             C:\Program Files\Java\jdk-21
24-Sep-2024 14:45:06.298 INFO [main] org.apache.catalina.startup.VersionLoggerListener.log JVM Version:           21.0.3+7-LTS-152
24-Sep-2024 14:45:06.298 INFO [main] org.apache.catalina.startup.VersionLoggerListener.log JVM Vendor:            Oracle Corporation
24-Sep-2024 14:45:06.298 INFO [main] org.apache.catalina.startup.VersionLoggerListener.log CATALINA_BASE:         C:\Users\Ghelix\Desktop\BAIPTAP\ch06_ex2_survey
24-Sep-2024 14:45:06.298 INFO [main] org.apache.catalina.startup.VersionLoggerListener.log CATALINA_HOME:         C:\apache-tomcat-10.1.28
24-Sep-2024 14:45:06.306 INFO [main] org.apache.catalina.startup.VersionLoggerListener.log Command line argument: --add-opens=java.base/java.lang=ALL-UNNAMED
24-Sep-2024 14:45:06.307 INFO [main] org.apache.catalina.startup.VersionLoggerListener.log Command line argument: --add-opens=java.base/java.io=ALL-UNNAMED
24-Sep-2024 14:45:06.307 INFO [main] org.apache.catalina.startup.VersionLoggerListener.log Command line argument: --add-opens=java.base/java.util=ALL-UNNAMED
24-Sep-2024 14:45:06.307 INFO [main] org.apache.catalina.startup.VersionLoggerListener.log Command line argument: --add-opens=java.base/java.util.concurrent=ALL-UNNAMED
24-Sep-2024 14:45:06.307 INFO [main] org.apache.catalina.startup.VersionLoggerListener.log Command line argument: --add-opens=java.rmi/sun.rmi.transport=ALL-UNNAMED
24-Sep-2024 14:45:06.307 INFO [main] org.apache.catalina.startup.VersionLoggerListener.log Command line argument: -Dcatalina.home=C:\apache-tomcat-10.1.28
24-Sep-2024 14:45:06.307 INFO [main] org.apache.catalina.startup.VersionLoggerListener.log Command line argument: -Dcatalina.base=C:\Users\Ghelix\Desktop\BAIPTAP\ch06_ex2_survey
24-Sep-2024 14:45:06.307 INFO [main] org.apache.catalina.startup.VersionLoggerListener.log Command line argument: -Djava.io.tmpdir=C:\Users\Ghelix\Desktop\BAIPTAP\ch06_ex2_survey\temp
24-Sep-2024 14:45:06.307 INFO [main] org.apache.catalina.startup.VersionLoggerListener.log Command line argument: -Djava.util.logging.config.file=C:\Users\Ghelix\Desktop\BAIPTAP\ch06_ex2_survey\conf\logging.properties
24-Sep-2024 14:45:06.307 INFO [main] org.apache.catalina.startup.VersionLoggerListener.log Command line argument: -Djava.util.logging.manager=org.apache.juli.ClassLoaderLogManager
24-Sep-2024 14:45:06.307 INFO [main] org.apache.catalina.startup.VersionLoggerListener.log Command line argument: -javaagent:C:\Program Files\JetBrains\IntelliJ IDEA 2024.2.0.2\lib\idea_rt.jar=55531:C:\Program Files\JetBrains\IntelliJ IDEA 2024.2.0.2\bin
24-Sep-2024 14:45:06.308 INFO [main] org.apache.catalina.startup.VersionLoggerListener.log Command line argument: -Dfile.encoding=UTF-8
24-Sep-2024 14:45:06.308 INFO [main] org.apache.catalina.startup.VersionLoggerListener.log Command line argument: -Dsun.stdout.encoding=UTF-8
24-Sep-2024 14:45:06.308 INFO [main] org.apache.catalina.startup.VersionLoggerListener.log Command line argument: -Dsun.stderr.encoding=UTF-8
24-Sep-2024 14:45:06.309 INFO [main] org.apache.catalina.core.AprLifecycleListener.lifecycleEvent Loaded Apache Tomcat Native library [2.0.8] using APR version [1.7.4].
24-Sep-2024 14:45:06.313 INFO [main] org.apache.catalina.core.AprLifecycleListener.initializeSSL OpenSSL successfully initialized [OpenSSL 3.0.14 4 Jun 2024]
24-Sep-2024 14:45:06.586 INFO [main] org.apache.coyote.AbstractProtocol.init Initializing ProtocolHandler ["http-nio-8080"]
24-Sep-2024 14:45:06.596 SEVERE [main] org.apache.catalina.util.LifecycleBase.handleSubClassException Failed to initialize component [Connector["http-nio-8080"]]
	org.apache.catalina.LifecycleException: Protocol handler initialization failed
		at org.apache.catalina.connector.Connector.initInternal(Connector.java:1030)
		at org.apache.catalina.util.LifecycleBase.init(LifecycleBase.java:122)
		at org.apache.catalina.core.StandardService.initInternal(StandardService.java:525)
		at org.apache.catalina.util.LifecycleBase.init(LifecycleBase.java:122)
		at org.apache.catalina.core.StandardServer.initInternal(StandardServer.java:961)
		at org.apache.catalina.util.LifecycleBase.init(LifecycleBase.java:122)
		at org.apache.catalina.startup.Catalina.load(Catalina.java:708)
		at org.apache.catalina.startup.Catalina.load(Catalina.java:731)
		at java.base/jdk.internal.reflect.DirectMethodHandleAccessor.invoke(DirectMethodHandleAccessor.java:103)
		at java.base/java.lang.reflect.Method.invoke(Method.java:580)
		at org.apache.catalina.startup.Bootstrap.load(Bootstrap.java:302)
		at org.apache.catalina.startup.Bootstrap.main(Bootstrap.java:472)
	Caused by: java.net.BindException: Address already in use: bind
		at java.base/sun.nio.ch.Net.bind0(Native Method)
		at java.base/sun.nio.ch.Net.bind(Net.java:565)
		at java.base/sun.nio.ch.ServerSocketChannelImpl.netBind(ServerSocketChannelImpl.java:344)
		at java.base/sun.nio.ch.ServerSocketChannelImpl.bind(ServerSocketChannelImpl.java:301)
		at org.apache.tomcat.util.net.NioEndpoint.initServerSocket(NioEndpoint.java:239)
		at org.apache.tomcat.util.net.NioEndpoint.bind(NioEndpoint.java:194)
		at org.apache.tomcat.util.net.AbstractEndpoint.bindWithCleanup(AbstractEndpoint.java:1304)
		at org.apache.tomcat.util.net.AbstractEndpoint.init(AbstractEndpoint.java:1317)
		at org.apache.coyote.AbstractProtocol.init(AbstractProtocol.java:632)
		at org.apache.coyote.http11.AbstractHttp11Protocol.init(AbstractHttp11Protocol.java:79)
		at org.apache.catalina.connector.Connector.initInternal(Connector.java:1028)
		... 11 more
24-Sep-2024 14:45:06.597 INFO [main] org.apache.catalina.startup.Catalina.load Server initialization in [447] milliseconds
24-Sep-2024 14:45:06.643 INFO [main] org.apache.catalina.core.StandardService.startInternal Starting service [Catalina]
24-Sep-2024 14:45:06.643 INFO [main] org.apache.catalina.core.StandardEngine.startInternal Starting Servlet engine: [Apache Tomcat/10.1.28]
24-Sep-2024 14:45:06.651 INFO [main] org.apache.catalina.startup.HostConfig.deployDescriptor Deploying deployment descriptor [C:\Users\Ghelix\Desktop\BAIPTAP\ch06_ex2_survey\conf\Catalina\localhost\ch06_ex2_survey.xml]
24-Sep-2024 14:45:07.349 INFO [main] org.apache.jasper.servlet.TldScanner.scanJars At least one JAR was scanned for TLDs yet contained no TLDs. Enable debug logging for this logger for a complete list of JARs that were scanned but no TLDs were found in them. Skipping unneeded JARs during scanning can improve startup time and JSP compilation time.
24-Sep-2024 14:45:07.415 INFO [main] org.apache.catalina.startup.HostConfig.deployDescriptor Deployment of deployment descriptor [C:\Users\Ghelix\Desktop\BAIPTAP\ch06_ex2_survey\conf\Catalina\localhost\ch06_ex2_survey.xml] has finished in [764] ms
24-Sep-2024 14:45:07.415 INFO [main] org.apache.catalina.startup.HostConfig.deployDescriptor Deploying deployment descriptor [C:\Users\Ghelix\Desktop\BAIPTAP\ch06_ex2_survey\conf\Catalina\localhost\WebApplication1.xml]
24-Sep-2024 14:45:07.416 WARNING [main] org.apache.catalina.startup.HostConfig.deployDescriptor The path attribute with value [/WebApplication1] in deployment descriptor [C:\Users\Ghelix\Desktop\BAIPTAP\ch06_ex2_survey\conf\Catalina\localhost\WebApplication1.xml] has been ignored
24-Sep-2024 14:45:07.460 INFO [main] org.apache.jasper.servlet.TldScanner.scanJars At least one JAR was scanned for TLDs yet contained no TLDs. Enable debug logging for this logger for a complete list of JARs that were scanned but no TLDs were found in them. Skipping unneeded JARs during scanning can improve startup time and JSP compilation time.
24-Sep-2024 14:45:07.463 INFO [main] org.apache.catalina.startup.HostConfig.deployDescriptor Deployment of deployment descriptor [C:\Users\Ghelix\Desktop\BAIPTAP\ch06_ex2_survey\conf\Catalina\localhost\WebApplication1.xml] has finished in [48] ms
24-Sep-2024 14:45:07.467 INFO [main] org.apache.catalina.startup.Catalina.start Server startup in [869] milliseconds
24-Sep-2024 14:45:07.472 SEVERE [main] org.apache.catalina.core.StandardServer.await Failed to create server shutdown socket on address [localhost] and port [8005] (base port [8005] and offset [0])
	java.net.BindException: Address already in use: bind
		at java.base/sun.nio.ch.Net.bind0(Native Method)
		at java.base/sun.nio.ch.Net.bind(Net.java:565)
		at java.base/sun.nio.ch.Net.bind(Net.java:554)
		at java.base/sun.nio.ch.NioSocketImpl.bind(NioSocketImpl.java:636)
		at java.base/java.net.ServerSocket.bind(ServerSocket.java:391)
		at java.base/java.net.ServerSocket.<init>(ServerSocket.java:278)
		at org.apache.catalina.core.StandardServer.await(StandardServer.java:537)
		at org.apache.catalina.startup.Catalina.await(Catalina.java:847)
		at org.apache.catalina.startup.Catalina.start(Catalina.java:795)
		at java.base/jdk.internal.reflect.DirectMethodHandleAccessor.invoke(DirectMethodHandleAccessor.java:103)
		at java.base/java.lang.reflect.Method.invoke(Method.java:580)
		at org.apache.catalina.startup.Bootstrap.start(Bootstrap.java:345)
		at org.apache.catalina.startup.Bootstrap.main(Bootstrap.java:473)
24-Sep-2024 14:45:07.472 INFO [main] org.apache.coyote.AbstractProtocol.pause Pausing ProtocolHandler ["http-nio-8080"]
24-Sep-2024 14:45:07.473 INFO [main] org.apache.catalina.core.StandardService.stopInternal Stopping service [Catalina]
24-Sep-2024 14:45:07.481 INFO [main] org.apache.coyote.AbstractProtocol.stop Stopping ProtocolHandler ["http-nio-8080"]
24-Sep-2024 14:45:07.481 INFO [main] org.apache.coyote.AbstractProtocol.destroy Destroying ProtocolHandler ["http-nio-8080"]
24-Sep-2024 14:45:11.837 INFO [Thread-1] org.apache.coyote.AbstractProtocol.pause Pausing ProtocolHandler ["http-nio-8080"]
24-Sep-2024 14:45:11.841 INFO [Thread-1] org.apache.catalina.core.StandardService.stopInternal Stopping service [Catalina]
24-Sep-2024 14:45:11.851 INFO [Thread-1] org.apache.coyote.AbstractProtocol.stop Stopping ProtocolHandler ["http-nio-8080"]
24-Sep-2024 14:45:11.855 INFO [Thread-1] org.apache.coyote.AbstractProtocol.destroy Destroying ProtocolHandler ["http-nio-8080"]
24-Sep-2024 14:45:18.078 INFO [main] org.apache.catalina.startup.VersionLoggerListener.log Server version name:   Apache Tomcat/10.1.28
24-Sep-2024 14:45:18.083 INFO [main] org.apache.catalina.startup.VersionLoggerListener.log Server built:          Aug 2 2024 15:14:43 UTC
24-Sep-2024 14:45:18.084 INFO [main] org.apache.catalina.startup.VersionLoggerListener.log Server version number: 10.1.28.0
24-Sep-2024 14:45:18.084 INFO [main] org.apache.catalina.startup.VersionLoggerListener.log OS Name:               Windows 11
24-Sep-2024 14:45:18.084 INFO [main] org.apache.catalina.startup.VersionLoggerListener.log OS Version:            10.0
24-Sep-2024 14:45:18.084 INFO [main] org.apache.catalina.startup.VersionLoggerListener.log Architecture:          amd64
24-Sep-2024 14:45:18.084 INFO [main] org.apache.catalina.startup.VersionLoggerListener.log Java Home:             C:\Program Files\Java\jdk-21
24-Sep-2024 14:45:18.084 INFO [main] org.apache.catalina.startup.VersionLoggerListener.log JVM Version:           21.0.3+7-LTS-152
24-Sep-2024 14:45:18.084 INFO [main] org.apache.catalina.startup.VersionLoggerListener.log JVM Vendor:            Oracle Corporation
24-Sep-2024 14:45:18.085 INFO [main] org.apache.catalina.startup.VersionLoggerListener.log CATALINA_BASE:         C:\Users\Ghelix\Desktop\BAIPTAP\ch06_ex2_survey
24-Sep-2024 14:45:18.085 INFO [main] org.apache.catalina.startup.VersionLoggerListener.log CATALINA_HOME:         C:\apache-tomcat-10.1.28
24-Sep-2024 14:45:18.092 INFO [main] org.apache.catalina.startup.VersionLoggerListener.log Command line argument: --add-opens=java.base/java.lang=ALL-UNNAMED
24-Sep-2024 14:45:18.092 INFO [main] org.apache.catalina.startup.VersionLoggerListener.log Command line argument: --add-opens=java.base/java.io=ALL-UNNAMED
24-Sep-2024 14:45:18.092 INFO [main] org.apache.catalina.startup.VersionLoggerListener.log Command line argument: --add-opens=java.base/java.util=ALL-UNNAMED
24-Sep-2024 14:45:18.092 INFO [main] org.apache.catalina.startup.VersionLoggerListener.log Command line argument: --add-opens=java.base/java.util.concurrent=ALL-UNNAMED
24-Sep-2024 14:45:18.092 INFO [main] org.apache.catalina.startup.VersionLoggerListener.log Command line argument: --add-opens=java.rmi/sun.rmi.transport=ALL-UNNAMED
24-Sep-2024 14:45:18.092 INFO [main] org.apache.catalina.startup.VersionLoggerListener.log Command line argument: -Dcatalina.home=C:\apache-tomcat-10.1.28
24-Sep-2024 14:45:18.092 INFO [main] org.apache.catalina.startup.VersionLoggerListener.log Command line argument: -Dcatalina.base=C:\Users\Ghelix\Desktop\BAIPTAP\ch06_ex2_survey
24-Sep-2024 14:45:18.092 INFO [main] org.apache.catalina.startup.VersionLoggerListener.log Command line argument: -Djava.io.tmpdir=C:\Users\Ghelix\Desktop\BAIPTAP\ch06_ex2_survey\temp
24-Sep-2024 14:45:18.092 INFO [main] org.apache.catalina.startup.VersionLoggerListener.log Command line argument: -Djava.util.logging.config.file=C:\Users\Ghelix\Desktop\BAIPTAP\ch06_ex2_survey\conf\logging.properties
24-Sep-2024 14:45:18.092 INFO [main] org.apache.catalina.startup.VersionLoggerListener.log Command line argument: -Djava.util.logging.manager=org.apache.juli.ClassLoaderLogManager
24-Sep-2024 14:45:18.092 INFO [main] org.apache.catalina.startup.VersionLoggerListener.log Command line argument: -javaagent:C:\Program Files\JetBrains\IntelliJ IDEA 2024.2.0.2\lib\idea_rt.jar=55541:C:\Program Files\JetBrains\IntelliJ IDEA 2024.2.0.2\bin
24-Sep-2024 14:45:18.092 INFO [main] org.apache.catalina.startup.VersionLoggerListener.log Command line argument: -Dfile.encoding=UTF-8
24-Sep-2024 14:45:18.092 INFO [main] org.apache.catalina.startup.VersionLoggerListener.log Command line argument: -Dsun.stdout.encoding=UTF-8
24-Sep-2024 14:45:18.092 INFO [main] org.apache.catalina.startup.VersionLoggerListener.log Command line argument: -Dsun.stderr.encoding=UTF-8
24-Sep-2024 14:45:18.094 INFO [main] org.apache.catalina.core.AprLifecycleListener.lifecycleEvent Loaded Apache Tomcat Native library [2.0.8] using APR version [1.7.4].
24-Sep-2024 14:45:18.097 INFO [main] org.apache.catalina.core.AprLifecycleListener.initializeSSL OpenSSL successfully initialized [OpenSSL 3.0.14 4 Jun 2024]
24-Sep-2024 14:45:18.359 INFO [main] org.apache.coyote.AbstractProtocol.init Initializing ProtocolHandler ["http-nio-8080"]
24-Sep-2024 14:45:18.376 INFO [main] org.apache.catalina.startup.Catalina.load Server initialization in [459] milliseconds
24-Sep-2024 14:45:18.422 INFO [main] org.apache.catalina.core.StandardService.startInternal Starting service [Catalina]
24-Sep-2024 14:45:18.422 INFO [main] org.apache.catalina.core.StandardEngine.startInternal Starting Servlet engine: [Apache Tomcat/10.1.28]
24-Sep-2024 14:45:18.435 INFO [main] org.apache.catalina.startup.HostConfig.deployDescriptor Deploying deployment descriptor [C:\Users\Ghelix\Desktop\BAIPTAP\ch06_ex2_survey\conf\Catalina\localhost\ch06_ex2_survey.xml]
24-Sep-2024 14:45:19.057 INFO [main] org.apache.jasper.servlet.TldScanner.scanJars At least one JAR was scanned for TLDs yet contained no TLDs. Enable debug logging for this logger for a complete list of JARs that were scanned but no TLDs were found in them. Skipping unneeded JARs during scanning can improve startup time and JSP compilation time.
24-Sep-2024 14:45:19.124 INFO [main] org.apache.catalina.startup.HostConfig.deployDescriptor Deployment of deployment descriptor [C:\Users\Ghelix\Desktop\BAIPTAP\ch06_ex2_survey\conf\Catalina\localhost\ch06_ex2_survey.xml] has finished in [688] ms
24-Sep-2024 14:45:19.124 INFO [main] org.apache.catalina.startup.HostConfig.deployDescriptor Deploying deployment descriptor [C:\Users\Ghelix\Desktop\BAIPTAP\ch06_ex2_survey\conf\Catalina\localhost\WebApplication1.xml]
24-Sep-2024 14:45:19.124 WARNING [main] org.apache.catalina.startup.HostConfig.deployDescriptor The path attribute with value [/WebApplication1] in deployment descriptor [C:\Users\Ghelix\Desktop\BAIPTAP\ch06_ex2_survey\conf\Catalina\localhost\WebApplication1.xml] has been ignored
24-Sep-2024 14:45:19.164 INFO [main] org.apache.jasper.servlet.TldScanner.scanJars At least one JAR was scanned for TLDs yet contained no TLDs. Enable debug logging for this logger for a complete list of JARs that were scanned but no TLDs were found in them. Skipping unneeded JARs during scanning can improve startup time and JSP compilation time.
24-Sep-2024 14:45:19.167 INFO [main] org.apache.catalina.startup.HostConfig.deployDescriptor Deployment of deployment descriptor [C:\Users\Ghelix\Desktop\BAIPTAP\ch06_ex2_survey\conf\Catalina\localhost\WebApplication1.xml] has finished in [42] ms
24-Sep-2024 14:45:19.172 INFO [main] org.apache.coyote.AbstractProtocol.start Starting ProtocolHandler ["http-nio-8080"]
24-Sep-2024 14:45:19.191 INFO [main] org.apache.catalina.startup.Catalina.start Server startup in [812] milliseconds
24-Sep-2024 14:45:29.558 INFO [Thread-1] org.apache.coyote.AbstractProtocol.pause Pausing ProtocolHandler ["http-nio-8080"]
24-Sep-2024 14:45:29.566 INFO [Thread-1] org.apache.catalina.core.StandardService.stopInternal Stopping service [Catalina]
24-Sep-2024 14:45:29.582 INFO [Thread-1] org.apache.coyote.AbstractProtocol.stop Stopping ProtocolHandler ["http-nio-8080"]
24-Sep-2024 14:45:29.586 INFO [Thread-1] org.apache.coyote.AbstractProtocol.destroy Destroying ProtocolHandler ["http-nio-8080"]
24-Sep-2024 14:45:41.054 INFO [main] org.apache.catalina.startup.VersionLoggerListener.log Server version name:   Apache Tomcat/10.1.28
24-Sep-2024 14:45:41.059 INFO [main] org.apache.catalina.startup.VersionLoggerListener.log Server built:          Aug 2 2024 15:14:43 UTC
24-Sep-2024 14:45:41.060 INFO [main] org.apache.catalina.startup.VersionLoggerListener.log Server version number: 10.1.28.0
24-Sep-2024 14:45:41.060 INFO [main] org.apache.catalina.startup.VersionLoggerListener.log OS Name:               Windows 11
24-Sep-2024 14:45:41.060 INFO [main] org.apache.catalina.startup.VersionLoggerListener.log OS Version:            10.0
24-Sep-2024 14:45:41.060 INFO [main] org.apache.catalina.startup.VersionLoggerListener.log Architecture:          amd64
24-Sep-2024 14:45:41.060 INFO [main] org.apache.catalina.startup.VersionLoggerListener.log Java Home:             C:\Program Files\Java\jdk-21
24-Sep-2024 14:45:41.060 INFO [main] org.apache.catalina.startup.VersionLoggerListener.log JVM Version:           21.0.3+7-LTS-152
24-Sep-2024 14:45:41.061 INFO [main] org.apache.catalina.startup.VersionLoggerListener.log JVM Vendor:            Oracle Corporation
24-Sep-2024 14:45:41.061 INFO [main] org.apache.catalina.startup.VersionLoggerListener.log CATALINA_BASE:         C:\Users\Ghelix\Desktop\BAIPTAP\ch06_ex2_survey
24-Sep-2024 14:45:41.061 INFO [main] org.apache.catalina.startup.VersionLoggerListener.log CATALINA_HOME:         C:\apache-tomcat-10.1.28
24-Sep-2024 14:45:41.072 INFO [main] org.apache.catalina.startup.VersionLoggerListener.log Command line argument: --add-opens=java.base/java.lang=ALL-UNNAMED
24-Sep-2024 14:45:41.072 INFO [main] org.apache.catalina.startup.VersionLoggerListener.log Command line argument: --add-opens=java.base/java.io=ALL-UNNAMED
24-Sep-2024 14:45:41.072 INFO [main] org.apache.catalina.startup.VersionLoggerListener.log Command line argument: --add-opens=java.base/java.util=ALL-UNNAMED
24-Sep-2024 14:45:41.072 INFO [main] org.apache.catalina.startup.VersionLoggerListener.log Command line argument: --add-opens=java.base/java.util.concurrent=ALL-UNNAMED
24-Sep-2024 14:45:41.072 INFO [main] org.apache.catalina.startup.VersionLoggerListener.log Command line argument: --add-opens=java.rmi/sun.rmi.transport=ALL-UNNAMED
24-Sep-2024 14:45:41.072 INFO [main] org.apache.catalina.startup.VersionLoggerListener.log Command line argument: -Dcatalina.home=C:\apache-tomcat-10.1.28
24-Sep-2024 14:45:41.072 INFO [main] org.apache.catalina.startup.VersionLoggerListener.log Command line argument: -Dcatalina.base=C:\Users\Ghelix\Desktop\BAIPTAP\ch06_ex2_survey
24-Sep-2024 14:45:41.072 INFO [main] org.apache.catalina.startup.VersionLoggerListener.log Command line argument: -Djava.io.tmpdir=C:\Users\Ghelix\Desktop\BAIPTAP\ch06_ex2_survey\temp
24-Sep-2024 14:45:41.074 INFO [main] org.apache.catalina.startup.VersionLoggerListener.log Command line argument: -Djava.util.logging.config.file=C:\Users\Ghelix\Desktop\BAIPTAP\ch06_ex2_survey\conf\logging.properties
24-Sep-2024 14:45:41.074 INFO [main] org.apache.catalina.startup.VersionLoggerListener.log Command line argument: -Djava.util.logging.manager=org.apache.juli.ClassLoaderLogManager
24-Sep-2024 14:45:41.074 INFO [main] org.apache.catalina.startup.VersionLoggerListener.log Command line argument: -javaagent:C:\Program Files\JetBrains\IntelliJ IDEA 2024.2.0.2\lib\idea_rt.jar=55559:C:\Program Files\JetBrains\IntelliJ IDEA 2024.2.0.2\bin
24-Sep-2024 14:45:41.074 INFO [main] org.apache.catalina.startup.VersionLoggerListener.log Command line argument: -Dfile.encoding=UTF-8
24-Sep-2024 14:45:41.074 INFO [main] org.apache.catalina.startup.VersionLoggerListener.log Command line argument: -Dsun.stdout.encoding=UTF-8
24-Sep-2024 14:45:41.074 INFO [main] org.apache.catalina.startup.VersionLoggerListener.log Command line argument: -Dsun.stderr.encoding=UTF-8
24-Sep-2024 14:45:41.076 INFO [main] org.apache.catalina.core.AprLifecycleListener.lifecycleEvent Loaded Apache Tomcat Native library [2.0.8] using APR version [1.7.4].
24-Sep-2024 14:45:41.080 INFO [main] org.apache.catalina.core.AprLifecycleListener.initializeSSL OpenSSL successfully initialized [OpenSSL 3.0.14 4 Jun 2024]
24-Sep-2024 14:45:41.358 INFO [main] org.apache.coyote.AbstractProtocol.init Initializing ProtocolHandler ["http-nio-8080"]
24-Sep-2024 14:45:41.385 INFO [main] org.apache.catalina.startup.Catalina.load Server initialization in [493] milliseconds
24-Sep-2024 14:45:41.439 INFO [main] org.apache.catalina.core.StandardService.startInternal Starting service [Catalina]
24-Sep-2024 14:45:41.439 INFO [main] org.apache.catalina.core.StandardEngine.startInternal Starting Servlet engine: [Apache Tomcat/10.1.28]
24-Sep-2024 14:45:41.452 INFO [main] org.apache.catalina.startup.HostConfig.deployDescriptor Deploying deployment descriptor [C:\Users\Ghelix\Desktop\BAIPTAP\ch06_ex2_survey\conf\Catalina\localhost\ch06_ex2_survey.xml]
24-Sep-2024 14:45:42.070 INFO [main] org.apache.jasper.servlet.TldScanner.scanJars At least one JAR was scanned for TLDs yet contained no TLDs. Enable debug logging for this logger for a complete list of JARs that were scanned but no TLDs were found in them. Skipping unneeded JARs during scanning can improve startup time and JSP compilation time.
24-Sep-2024 14:45:42.138 INFO [main] org.apache.catalina.startup.HostConfig.deployDescriptor Deployment of deployment descriptor [C:\Users\Ghelix\Desktop\BAIPTAP\ch06_ex2_survey\conf\Catalina\localhost\ch06_ex2_survey.xml] has finished in [686] ms
24-Sep-2024 14:45:42.139 INFO [main] org.apache.catalina.startup.HostConfig.deployDescriptor Deploying deployment descriptor [C:\Users\Ghelix\Desktop\BAIPTAP\ch06_ex2_survey\conf\Catalina\localhost\WebApplication1.xml]
24-Sep-2024 14:45:42.141 WARNING [main] org.apache.catalina.startup.HostConfig.deployDescriptor The path attribute with value [/WebApplication1] in deployment descriptor [C:\Users\Ghelix\Desktop\BAIPTAP\ch06_ex2_survey\conf\Catalina\localhost\WebApplication1.xml] has been ignored
24-Sep-2024 14:45:42.187 INFO [main] org.apache.jasper.servlet.TldScanner.scanJars At least one JAR was scanned for TLDs yet contained no TLDs. Enable debug logging for this logger for a complete list of JARs that were scanned but no TLDs were found in them. Skipping unneeded JARs during scanning can improve startup time and JSP compilation time.
24-Sep-2024 14:45:42.190 INFO [main] org.apache.catalina.startup.HostConfig.deployDescriptor Deployment of deployment descriptor [C:\Users\Ghelix\Desktop\BAIPTAP\ch06_ex2_survey\conf\Catalina\localhost\WebApplication1.xml] has finished in [51] ms
24-Sep-2024 14:45:42.195 INFO [main] org.apache.coyote.AbstractProtocol.start Starting ProtocolHandler ["http-nio-8080"]
24-Sep-2024 14:45:42.213 INFO [main] org.apache.catalina.startup.Catalina.start Server startup in [825] milliseconds
24-Sep-2024 14:46:12.727 INFO [Thread-1] org.apache.coyote.AbstractProtocol.pause Pausing ProtocolHandler ["http-nio-8080"]
24-Sep-2024 14:46:12.731 INFO [Thread-1] org.apache.catalina.core.StandardService.stopInternal Stopping service [Catalina]
24-Sep-2024 14:46:12.742 INFO [Thread-1] org.apache.coyote.AbstractProtocol.stop Stopping ProtocolHandler ["http-nio-8080"]
24-Sep-2024 14:46:12.765 INFO [Thread-1] org.apache.coyote.AbstractProtocol.destroy Destroying ProtocolHandler ["http-nio-8080"]
24-Sep-2024 14:46:15.627 INFO [main] org.apache.catalina.startup.VersionLoggerListener.log Server version name:   Apache Tomcat/10.1.28
24-Sep-2024 14:46:15.632 INFO [main] org.apache.catalina.startup.VersionLoggerListener.log Server built:          Aug 2 2024 15:14:43 UTC
24-Sep-2024 14:46:15.632 INFO [main] org.apache.catalina.startup.VersionLoggerListener.log Server version number: 10.1.28.0
24-Sep-2024 14:46:15.632 INFO [main] org.apache.catalina.startup.VersionLoggerListener.log OS Name:               Windows 11
24-Sep-2024 14:46:15.632 INFO [main] org.apache.catalina.startup.VersionLoggerListener.log OS Version:            10.0
24-Sep-2024 14:46:15.632 INFO [main] org.apache.catalina.startup.VersionLoggerListener.log Architecture:          amd64
24-Sep-2024 14:46:15.632 INFO [main] org.apache.catalina.startup.VersionLoggerListener.log Java Home:             C:\Program Files\Java\jdk-21
24-Sep-2024 14:46:15.632 INFO [main] org.apache.catalina.startup.VersionLoggerListener.log JVM Version:           21.0.3+7-LTS-152
24-Sep-2024 14:46:15.632 INFO [main] org.apache.catalina.startup.VersionLoggerListener.log JVM Vendor:            Oracle Corporation
24-Sep-2024 14:46:15.633 INFO [main] org.apache.catalina.startup.VersionLoggerListener.log CATALINA_BASE:         C:\Users\Ghelix\Desktop\BAIPTAP\ch06_ex2_survey
24-Sep-2024 14:46:15.633 INFO [main] org.apache.catalina.startup.VersionLoggerListener.log CATALINA_HOME:         C:\apache-tomcat-10.1.28
24-Sep-2024 14:46:15.639 INFO [main] org.apache.catalina.startup.VersionLoggerListener.log Command line argument: --add-opens=java.base/java.lang=ALL-UNNAMED
24-Sep-2024 14:46:15.639 INFO [main] org.apache.catalina.startup.VersionLoggerListener.log Command line argument: --add-opens=java.base/java.io=ALL-UNNAMED
24-Sep-2024 14:46:15.639 INFO [main] org.apache.catalina.startup.VersionLoggerListener.log Command line argument: --add-opens=java.base/java.util=ALL-UNNAMED
24-Sep-2024 14:46:15.639 INFO [main] org.apache.catalina.startup.VersionLoggerListener.log Command line argument: --add-opens=java.base/java.util.concurrent=ALL-UNNAMED
24-Sep-2024 14:46:15.639 INFO [main] org.apache.catalina.startup.VersionLoggerListener.log Command line argument: --add-opens=java.rmi/sun.rmi.transport=ALL-UNNAMED
24-Sep-2024 14:46:15.639 INFO [main] org.apache.catalina.startup.VersionLoggerListener.log Command line argument: -Dcatalina.home=C:\apache-tomcat-10.1.28
24-Sep-2024 14:46:15.640 INFO [main] org.apache.catalina.startup.VersionLoggerListener.log Command line argument: -Dcatalina.base=C:\Users\Ghelix\Desktop\BAIPTAP\ch06_ex2_survey
24-Sep-2024 14:46:15.640 INFO [main] org.apache.catalina.startup.VersionLoggerListener.log Command line argument: -Djava.io.tmpdir=C:\Users\Ghelix\Desktop\BAIPTAP\ch06_ex2_survey\temp
24-Sep-2024 14:46:15.640 INFO [main] org.apache.catalina.startup.VersionLoggerListener.log Command line argument: -Djava.util.logging.config.file=C:\Users\Ghelix\Desktop\BAIPTAP\ch06_ex2_survey\conf\logging.properties
24-Sep-2024 14:46:15.640 INFO [main] org.apache.catalina.startup.VersionLoggerListener.log Command line argument: -Djava.util.logging.manager=org.apache.juli.ClassLoaderLogManager
24-Sep-2024 14:46:15.640 INFO [main] org.apache.catalina.startup.VersionLoggerListener.log Command line argument: -javaagent:C:\Program Files\JetBrains\IntelliJ IDEA 2024.2.0.2\lib\idea_rt.jar=55586:C:\Program Files\JetBrains\IntelliJ IDEA 2024.2.0.2\bin
24-Sep-2024 14:46:15.640 INFO [main] org.apache.catalina.startup.VersionLoggerListener.log Command line argument: -Dfile.encoding=UTF-8
24-Sep-2024 14:46:15.640 INFO [main] org.apache.catalina.startup.VersionLoggerListener.log Command line argument: -Dsun.stdout.encoding=UTF-8
24-Sep-2024 14:46:15.640 INFO [main] org.apache.catalina.startup.VersionLoggerListener.log Command line argument: -Dsun.stderr.encoding=UTF-8
24-Sep-2024 14:46:15.641 INFO [main] org.apache.catalina.core.AprLifecycleListener.lifecycleEvent Loaded Apache Tomcat Native library [2.0.8] using APR version [1.7.4].
24-Sep-2024 14:46:15.646 INFO [main] org.apache.catalina.core.AprLifecycleListener.initializeSSL OpenSSL successfully initialized [OpenSSL 3.0.14 4 Jun 2024]
24-Sep-2024 14:46:15.923 INFO [main] org.apache.coyote.AbstractProtocol.init Initializing ProtocolHandler ["http-nio-8080"]
24-Sep-2024 14:46:15.942 INFO [main] org.apache.catalina.startup.Catalina.load Server initialization in [463] milliseconds
24-Sep-2024 14:46:15.987 INFO [main] org.apache.catalina.core.StandardService.startInternal Starting service [Catalina]
24-Sep-2024 14:46:15.987 INFO [main] org.apache.catalina.core.StandardEngine.startInternal Starting Servlet engine: [Apache Tomcat/10.1.28]
24-Sep-2024 14:46:15.996 INFO [main] org.apache.catalina.startup.HostConfig.deployDescriptor Deploying deployment descriptor [C:\Users\Ghelix\Desktop\BAIPTAP\ch06_ex2_survey\conf\Catalina\localhost\ch06_ex2_survey.xml]
24-Sep-2024 14:46:16.588 INFO [main] org.apache.jasper.servlet.TldScanner.scanJars At least one JAR was scanned for TLDs yet contained no TLDs. Enable debug logging for this logger for a complete list of JARs that were scanned but no TLDs were found in them. Skipping unneeded JARs during scanning can improve startup time and JSP compilation time.
24-Sep-2024 14:46:16.659 INFO [main] org.apache.catalina.startup.HostConfig.deployDescriptor Deployment of deployment descriptor [C:\Users\Ghelix\Desktop\BAIPTAP\ch06_ex2_survey\conf\Catalina\localhost\ch06_ex2_survey.xml] has finished in [662] ms
24-Sep-2024 14:46:16.659 INFO [main] org.apache.catalina.startup.HostConfig.deployDescriptor Deploying deployment descriptor [C:\Users\Ghelix\Desktop\BAIPTAP\ch06_ex2_survey\conf\Catalina\localhost\WebApplication1.xml]
24-Sep-2024 14:46:16.661 WARNING [main] org.apache.catalina.startup.HostConfig.deployDescriptor The path attribute with value [/WebApplication1] in deployment descriptor [C:\Users\Ghelix\Desktop\BAIPTAP\ch06_ex2_survey\conf\Catalina\localhost\WebApplication1.xml] has been ignored
24-Sep-2024 14:46:16.702 INFO [main] org.apache.jasper.servlet.TldScanner.scanJars At least one JAR was scanned for TLDs yet contained no TLDs. Enable debug logging for this logger for a complete list of JARs that were scanned but no TLDs were found in them. Skipping unneeded JARs during scanning can improve startup time and JSP compilation time.
24-Sep-2024 14:46:16.704 INFO [main] org.apache.catalina.startup.HostConfig.deployDescriptor Deployment of deployment descriptor [C:\Users\Ghelix\Desktop\BAIPTAP\ch06_ex2_survey\conf\Catalina\localhost\WebApplication1.xml] has finished in [45] ms
24-Sep-2024 14:46:16.708 INFO [main] org.apache.coyote.AbstractProtocol.start Starting ProtocolHandler ["http-nio-8080"]
24-Sep-2024 14:46:16.723 INFO [main] org.apache.catalina.startup.Catalina.start Server startup in [780] milliseconds
24-Sep-2024 14:47:54.426 INFO [Thread-1] org.apache.coyote.AbstractProtocol.pause Pausing ProtocolHandler ["http-nio-8080"]
24-Sep-2024 14:47:54.430 INFO [Thread-1] org.apache.catalina.core.StandardService.stopInternal Stopping service [Catalina]
24-Sep-2024 14:47:54.440 INFO [Thread-1] org.apache.coyote.AbstractProtocol.stop Stopping ProtocolHandler ["http-nio-8080"]
24-Sep-2024 14:47:54.445 INFO [Thread-1] org.apache.coyote.AbstractProtocol.destroy Destroying ProtocolHandler ["http-nio-8080"]
24-Sep-2024 14:47:55.810 INFO [main] org.apache.catalina.startup.VersionLoggerListener.log Server version name:   Apache Tomcat/10.1.28
24-Sep-2024 14:47:55.817 INFO [main] org.apache.catalina.startup.VersionLoggerListener.log Server built:          Aug 2 2024 15:14:43 UTC
24-Sep-2024 14:47:55.817 INFO [main] org.apache.catalina.startup.VersionLoggerListener.log Server version number: 10.1.28.0
24-Sep-2024 14:47:55.817 INFO [main] org.apache.catalina.startup.VersionLoggerListener.log OS Name:               Windows 11
24-Sep-2024 14:47:55.817 INFO [main] org.apache.catalina.startup.VersionLoggerListener.log OS Version:            10.0
24-Sep-2024 14:47:55.817 INFO [main] org.apache.catalina.startup.VersionLoggerListener.log Architecture:          amd64
24-Sep-2024 14:47:55.817 INFO [main] org.apache.catalina.startup.VersionLoggerListener.log Java Home:             C:\Program Files\Java\jdk-21
24-Sep-2024 14:47:55.817 INFO [main] org.apache.catalina.startup.VersionLoggerListener.log JVM Version:           21.0.3+7-LTS-152
24-Sep-2024 14:47:55.817 INFO [main] org.apache.catalina.startup.VersionLoggerListener.log JVM Vendor:            Oracle Corporation
24-Sep-2024 14:47:55.817 INFO [main] org.apache.catalina.startup.VersionLoggerListener.log CATALINA_BASE:         C:\Users\Ghelix\Desktop\BAIPTAP\ch06_ex2_survey
24-Sep-2024 14:47:55.818 INFO [main] org.apache.catalina.startup.VersionLoggerListener.log CATALINA_HOME:         C:\apache-tomcat-10.1.28
24-Sep-2024 14:47:55.825 INFO [main] org.apache.catalina.startup.VersionLoggerListener.log Command line argument: --add-opens=java.base/java.lang=ALL-UNNAMED
24-Sep-2024 14:47:55.825 INFO [main] org.apache.catalina.startup.VersionLoggerListener.log Command line argument: --add-opens=java.base/java.io=ALL-UNNAMED
24-Sep-2024 14:47:55.825 INFO [main] org.apache.catalina.startup.VersionLoggerListener.log Command line argument: --add-opens=java.base/java.util=ALL-UNNAMED
24-Sep-2024 14:47:55.825 INFO [main] org.apache.catalina.startup.VersionLoggerListener.log Command line argument: --add-opens=java.base/java.util.concurrent=ALL-UNNAMED
24-Sep-2024 14:47:55.825 INFO [main] org.apache.catalina.startup.VersionLoggerListener.log Command line argument: --add-opens=java.rmi/sun.rmi.transport=ALL-UNNAMED
24-Sep-2024 14:47:55.825 INFO [main] org.apache.catalina.startup.VersionLoggerListener.log Command line argument: -Dcatalina.home=C:\apache-tomcat-10.1.28
24-Sep-2024 14:47:55.826 INFO [main] org.apache.catalina.startup.VersionLoggerListener.log Command line argument: -Dcatalina.base=C:\Users\Ghelix\Desktop\BAIPTAP\ch06_ex2_survey
24-Sep-2024 14:47:55.826 INFO [main] org.apache.catalina.startup.VersionLoggerListener.log Command line argument: -Djava.io.tmpdir=C:\Users\Ghelix\Desktop\BAIPTAP\ch06_ex2_survey\temp
24-Sep-2024 14:47:55.826 INFO [main] org.apache.catalina.startup.VersionLoggerListener.log Command line argument: -Djava.util.logging.config.file=C:\Users\Ghelix\Desktop\BAIPTAP\ch06_ex2_survey\conf\logging.properties
24-Sep-2024 14:47:55.826 INFO [main] org.apache.catalina.startup.VersionLoggerListener.log Command line argument: -Djava.util.logging.manager=org.apache.juli.ClassLoaderLogManager
24-Sep-2024 14:47:55.826 INFO [main] org.apache.catalina.startup.VersionLoggerListener.log Command line argument: -javaagent:C:\Program Files\JetBrains\IntelliJ IDEA 2024.2.0.2\lib\idea_rt.jar=55601:C:\Program Files\JetBrains\IntelliJ IDEA 2024.2.0.2\bin
24-Sep-2024 14:47:55.826 INFO [main] org.apache.catalina.startup.VersionLoggerListener.log Command line argument: -Dfile.encoding=UTF-8
24-Sep-2024 14:47:55.826 INFO [main] org.apache.catalina.startup.VersionLoggerListener.log Command line argument: -Dsun.stdout.encoding=UTF-8
24-Sep-2024 14:47:55.826 INFO [main] org.apache.catalina.startup.VersionLoggerListener.log Command line argument: -Dsun.stderr.encoding=UTF-8
24-Sep-2024 14:47:55.828 INFO [main] org.apache.catalina.core.AprLifecycleListener.lifecycleEvent Loaded Apache Tomcat Native library [2.0.8] using APR version [1.7.4].
24-Sep-2024 14:47:55.834 INFO [main] org.apache.catalina.core.AprLifecycleListener.initializeSSL OpenSSL successfully initialized [OpenSSL 3.0.14 4 Jun 2024]
24-Sep-2024 14:47:56.128 INFO [main] org.apache.coyote.AbstractProtocol.init Initializing ProtocolHandler ["http-nio-8080"]
24-Sep-2024 14:47:56.144 INFO [main] org.apache.catalina.startup.Catalina.load Server initialization in [526] milliseconds
24-Sep-2024 14:47:56.183 INFO [main] org.apache.catalina.core.StandardService.startInternal Starting service [Catalina]
24-Sep-2024 14:47:56.183 INFO [main] org.apache.catalina.core.StandardEngine.startInternal Starting Servlet engine: [Apache Tomcat/10.1.28]
24-Sep-2024 14:47:56.192 INFO [main] org.apache.catalina.startup.HostConfig.deployDescriptor Deploying deployment descriptor [C:\Users\Ghelix\Desktop\BAIPTAP\ch06_ex2_survey\conf\Catalina\localhost\ch06_ex2_survey.xml]
24-Sep-2024 14:47:56.842 INFO [main] org.apache.jasper.servlet.TldScanner.scanJars At least one JAR was scanned for TLDs yet contained no TLDs. Enable debug logging for this logger for a complete list of JARs that were scanned but no TLDs were found in them. Skipping unneeded JARs during scanning can improve startup time and JSP compilation time.
24-Sep-2024 14:47:56.902 INFO [main] org.apache.catalina.startup.HostConfig.deployDescriptor Deployment of deployment descriptor [C:\Users\Ghelix\Desktop\BAIPTAP\ch06_ex2_survey\conf\Catalina\localhost\ch06_ex2_survey.xml] has finished in [710] ms
24-Sep-2024 14:47:56.903 INFO [main] org.apache.catalina.startup.HostConfig.deployDescriptor Deploying deployment descriptor [C:\Users\Ghelix\Desktop\BAIPTAP\ch06_ex2_survey\conf\Catalina\localhost\WebApplication1.xml]
24-Sep-2024 14:47:56.903 WARNING [main] org.apache.catalina.startup.HostConfig.deployDescriptor The path attribute with value [/WebApplication1] in deployment descriptor [C:\Users\Ghelix\Desktop\BAIPTAP\ch06_ex2_survey\conf\Catalina\localhost\WebApplication1.xml] has been ignored
24-Sep-2024 14:47:56.948 INFO [main] org.apache.jasper.servlet.TldScanner.scanJars At least one JAR was scanned for TLDs yet contained no TLDs. Enable debug logging for this logger for a complete list of JARs that were scanned but no TLDs were found in them. Skipping unneeded JARs during scanning can improve startup time and JSP compilation time.
24-Sep-2024 14:47:56.951 INFO [main] org.apache.catalina.startup.HostConfig.deployDescriptor Deployment of deployment descriptor [C:\Users\Ghelix\Desktop\BAIPTAP\ch06_ex2_survey\conf\Catalina\localhost\WebApplication1.xml] has finished in [48] ms
24-Sep-2024 14:47:56.955 INFO [main] org.apache.coyote.AbstractProtocol.start Starting ProtocolHandler ["http-nio-8080"]
24-Sep-2024 14:47:56.973 INFO [main] org.apache.catalina.startup.Catalina.start Server startup in [826] milliseconds
24-Sep-2024 14:49:17.414 INFO [Thread-1] org.apache.coyote.AbstractProtocol.pause Pausing ProtocolHandler ["http-nio-8080"]
24-Sep-2024 14:49:17.420 INFO [Thread-1] org.apache.catalina.core.StandardService.stopInternal Stopping service [Catalina]
24-Sep-2024 14:49:17.435 INFO [Thread-1] org.apache.coyote.AbstractProtocol.stop Stopping ProtocolHandler ["http-nio-8080"]
24-Sep-2024 14:49:17.442 INFO [Thread-1] org.apache.coyote.AbstractProtocol.destroy Destroying ProtocolHandler ["http-nio-8080"]
24-Sep-2024 14:49:19.216 INFO [main] org.apache.catalina.startup.VersionLoggerListener.log Server version name:   Apache Tomcat/10.1.28
24-Sep-2024 14:49:19.223 INFO [main] org.apache.catalina.startup.VersionLoggerListener.log Server built:          Aug 2 2024 15:14:43 UTC
24-Sep-2024 14:49:19.223 INFO [main] org.apache.catalina.startup.VersionLoggerListener.log Server version number: 10.1.28.0
24-Sep-2024 14:49:19.223 INFO [main] org.apache.catalina.startup.VersionLoggerListener.log OS Name:               Windows 11
24-Sep-2024 14:49:19.223 INFO [main] org.apache.catalina.startup.VersionLoggerListener.log OS Version:            10.0
24-Sep-2024 14:49:19.223 INFO [main] org.apache.catalina.startup.VersionLoggerListener.log Architecture:          amd64
24-Sep-2024 14:49:19.223 INFO [main] org.apache.catalina.startup.VersionLoggerListener.log Java Home:             C:\Program Files\Java\jdk-21
24-Sep-2024 14:49:19.223 INFO [main] org.apache.catalina.startup.VersionLoggerListener.log JVM Version:           21.0.3+7-LTS-152
24-Sep-2024 14:49:19.223 INFO [main] org.apache.catalina.startup.VersionLoggerListener.log JVM Vendor:            Oracle Corporation
24-Sep-2024 14:49:19.225 INFO [main] org.apache.catalina.startup.VersionLoggerListener.log CATALINA_BASE:         C:\Users\Ghelix\Desktop\BAIPTAP\ch06_ex2_survey
24-Sep-2024 14:49:19.225 INFO [main] org.apache.catalina.startup.VersionLoggerListener.log CATALINA_HOME:         C:\apache-tomcat-10.1.28
24-Sep-2024 14:49:19.233 INFO [main] org.apache.catalina.startup.VersionLoggerListener.log Command line argument: --add-opens=java.base/java.lang=ALL-UNNAMED
24-Sep-2024 14:49:19.233 INFO [main] org.apache.catalina.startup.VersionLoggerListener.log Command line argument: --add-opens=java.base/java.io=ALL-UNNAMED
24-Sep-2024 14:49:19.233 INFO [main] org.apache.catalina.startup.VersionLoggerListener.log Command line argument: --add-opens=java.base/java.util=ALL-UNNAMED
24-Sep-2024 14:49:19.233 INFO [main] org.apache.catalina.startup.VersionLoggerListener.log Command line argument: --add-opens=java.base/java.util.concurrent=ALL-UNNAMED
24-Sep-2024 14:49:19.233 INFO [main] org.apache.catalina.startup.VersionLoggerListener.log Command line argument: --add-opens=java.rmi/sun.rmi.transport=ALL-UNNAMED
24-Sep-2024 14:49:19.233 INFO [main] org.apache.catalina.startup.VersionLoggerListener.log Command line argument: -Dcatalina.home=C:\apache-tomcat-10.1.28
24-Sep-2024 14:49:19.234 INFO [main] org.apache.catalina.startup.VersionLoggerListener.log Command line argument: -Dcatalina.base=C:\Users\Ghelix\Desktop\BAIPTAP\ch06_ex2_survey
24-Sep-2024 14:49:19.234 INFO [main] org.apache.catalina.startup.VersionLoggerListener.log Command line argument: -Djava.io.tmpdir=C:\Users\Ghelix\Desktop\BAIPTAP\ch06_ex2_survey\temp
24-Sep-2024 14:49:19.234 INFO [main] org.apache.catalina.startup.VersionLoggerListener.log Command line argument: -Djava.util.logging.config.file=C:\Users\Ghelix\Desktop\BAIPTAP\ch06_ex2_survey\conf\logging.properties
24-Sep-2024 14:49:19.234 INFO [main] org.apache.catalina.startup.VersionLoggerListener.log Command line argument: -Djava.util.logging.manager=org.apache.juli.ClassLoaderLogManager
24-Sep-2024 14:49:19.234 INFO [main] org.apache.catalina.startup.VersionLoggerListener.log Command line argument: -javaagent:C:\Program Files\JetBrains\IntelliJ IDEA 2024.2.0.2\lib\idea_rt.jar=55618:C:\Program Files\JetBrains\IntelliJ IDEA 2024.2.0.2\bin
24-Sep-2024 14:49:19.234 INFO [main] org.apache.catalina.startup.VersionLoggerListener.log Command line argument: -Dfile.encoding=UTF-8
24-Sep-2024 14:49:19.236 INFO [main] org.apache.catalina.startup.VersionLoggerListener.log Command line argument: -Dsun.stdout.encoding=UTF-8
24-Sep-2024 14:49:19.236 INFO [main] org.apache.catalina.startup.VersionLoggerListener.log Command line argument: -Dsun.stderr.encoding=UTF-8
24-Sep-2024 14:49:19.237 INFO [main] org.apache.catalina.core.AprLifecycleListener.lifecycleEvent Loaded Apache Tomcat Native library [2.0.8] using APR version [1.7.4].
24-Sep-2024 14:49:19.241 INFO [main] org.apache.catalina.core.AprLifecycleListener.initializeSSL OpenSSL successfully initialized [OpenSSL 3.0.14 4 Jun 2024]
24-Sep-2024 14:49:19.488 INFO [main] org.apache.coyote.AbstractProtocol.init Initializing ProtocolHandler ["http-nio-8080"]
24-Sep-2024 14:49:19.508 INFO [main] org.apache.catalina.startup.Catalina.load Server initialization in [465] milliseconds
24-Sep-2024 14:49:19.556 INFO [main] org.apache.catalina.core.StandardService.startInternal Starting service [Catalina]
24-Sep-2024 14:49:19.556 INFO [main] org.apache.catalina.core.StandardEngine.startInternal Starting Servlet engine: [Apache Tomcat/10.1.28]
24-Sep-2024 14:49:19.565 INFO [main] org.apache.catalina.startup.HostConfig.deployDescriptor Deploying deployment descriptor [C:\Users\Ghelix\Desktop\BAIPTAP\ch06_ex2_survey\conf\Catalina\localhost\ch06_ex2_survey.xml]
24-Sep-2024 14:49:20.182 INFO [main] org.apache.jasper.servlet.TldScanner.scanJars At least one JAR was scanned for TLDs yet contained no TLDs. Enable debug logging for this logger for a complete list of JARs that were scanned but no TLDs were found in them. Skipping unneeded JARs during scanning can improve startup time and JSP compilation time.
24-Sep-2024 14:49:20.245 INFO [main] org.apache.catalina.startup.HostConfig.deployDescriptor Deployment of deployment descriptor [C:\Users\Ghelix\Desktop\BAIPTAP\ch06_ex2_survey\conf\Catalina\localhost\ch06_ex2_survey.xml] has finished in [680] ms
24-Sep-2024 14:49:20.245 INFO [main] org.apache.catalina.startup.HostConfig.deployDescriptor Deploying deployment descriptor [C:\Users\Ghelix\Desktop\BAIPTAP\ch06_ex2_survey\conf\Catalina\localhost\WebApplication1.xml]
24-Sep-2024 14:49:20.246 WARNING [main] org.apache.catalina.startup.HostConfig.deployDescriptor The path attribute with value [/WebApplication1] in deployment descriptor [C:\Users\Ghelix\Desktop\BAIPTAP\ch06_ex2_survey\conf\Catalina\localhost\WebApplication1.xml] has been ignored
24-Sep-2024 14:49:20.289 INFO [main] org.apache.jasper.servlet.TldScanner.scanJars At least one JAR was scanned for TLDs yet contained no TLDs. Enable debug logging for this logger for a complete list of JARs that were scanned but no TLDs were found in them. Skipping unneeded JARs during scanning can improve startup time and JSP compilation time.
24-Sep-2024 14:49:20.291 INFO [main] org.apache.catalina.startup.HostConfig.deployDescriptor Deployment of deployment descriptor [C:\Users\Ghelix\Desktop\BAIPTAP\ch06_ex2_survey\conf\Catalina\localhost\WebApplication1.xml] has finished in [46] ms
24-Sep-2024 14:49:20.295 INFO [main] org.apache.coyote.AbstractProtocol.start Starting ProtocolHandler ["http-nio-8080"]
24-Sep-2024 14:49:20.311 INFO [main] org.apache.catalina.startup.Catalina.start Server startup in [802] milliseconds
24-Sep-2024 14:50:13.680 INFO [Thread-1] org.apache.coyote.AbstractProtocol.pause Pausing ProtocolHandler ["http-nio-8080"]
24-Sep-2024 14:50:13.684 INFO [Thread-1] org.apache.catalina.core.StandardService.stopInternal Stopping service [Catalina]
24-Sep-2024 14:50:13.694 INFO [Thread-1] org.apache.coyote.AbstractProtocol.stop Stopping ProtocolHandler ["http-nio-8080"]
24-Sep-2024 14:50:13.700 INFO [Thread-1] org.apache.coyote.AbstractProtocol.destroy Destroying ProtocolHandler ["http-nio-8080"]
24-Sep-2024 14:50:15.027 INFO [main] org.apache.catalina.startup.VersionLoggerListener.log Server version name:   Apache Tomcat/10.1.28
24-Sep-2024 14:50:15.032 INFO [main] org.apache.catalina.startup.VersionLoggerListener.log Server built:          Aug 2 2024 15:14:43 UTC
24-Sep-2024 14:50:15.032 INFO [main] org.apache.catalina.startup.VersionLoggerListener.log Server version number: 10.1.28.0
24-Sep-2024 14:50:15.032 INFO [main] org.apache.catalina.startup.VersionLoggerListener.log OS Name:               Windows 11
24-Sep-2024 14:50:15.033 INFO [main] org.apache.catalina.startup.VersionLoggerListener.log OS Version:            10.0
24-Sep-2024 14:50:15.033 INFO [main] org.apache.catalina.startup.VersionLoggerListener.log Architecture:          amd64
24-Sep-2024 14:50:15.033 INFO [main] org.apache.catalina.startup.VersionLoggerListener.log Java Home:             C:\Program Files\Java\jdk-21
24-Sep-2024 14:50:15.033 INFO [main] org.apache.catalina.startup.VersionLoggerListener.log JVM Version:           21.0.3+7-LTS-152
24-Sep-2024 14:50:15.033 INFO [main] org.apache.catalina.startup.VersionLoggerListener.log JVM Vendor:            Oracle Corporation
24-Sep-2024 14:50:15.033 INFO [main] org.apache.catalina.startup.VersionLoggerListener.log CATALINA_BASE:         C:\Users\Ghelix\Desktop\BAIPTAP\ch06_ex2_survey
24-Sep-2024 14:50:15.034 INFO [main] org.apache.catalina.startup.VersionLoggerListener.log CATALINA_HOME:         C:\apache-tomcat-10.1.28
24-Sep-2024 14:50:15.044 INFO [main] org.apache.catalina.startup.VersionLoggerListener.log Command line argument: --add-opens=java.base/java.lang=ALL-UNNAMED
24-Sep-2024 14:50:15.044 INFO [main] org.apache.catalina.startup.VersionLoggerListener.log Command line argument: --add-opens=java.base/java.io=ALL-UNNAMED
24-Sep-2024 14:50:15.044 INFO [main] org.apache.catalina.startup.VersionLoggerListener.log Command line argument: --add-opens=java.base/java.util=ALL-UNNAMED
24-Sep-2024 14:50:15.044 INFO [main] org.apache.catalina.startup.VersionLoggerListener.log Command line argument: --add-opens=java.base/java.util.concurrent=ALL-UNNAMED
24-Sep-2024 14:50:15.044 INFO [main] org.apache.catalina.startup.VersionLoggerListener.log Command line argument: --add-opens=java.rmi/sun.rmi.transport=ALL-UNNAMED
24-Sep-2024 14:50:15.044 INFO [main] org.apache.catalina.startup.VersionLoggerListener.log Command line argument: -Dcatalina.home=C:\apache-tomcat-10.1.28
24-Sep-2024 14:50:15.044 INFO [main] org.apache.catalina.startup.VersionLoggerListener.log Command line argument: -Dcatalina.base=C:\Users\Ghelix\Desktop\BAIPTAP\ch06_ex2_survey
24-Sep-2024 14:50:15.044 INFO [main] org.apache.catalina.startup.VersionLoggerListener.log Command line argument: -Djava.io.tmpdir=C:\Users\Ghelix\Desktop\BAIPTAP\ch06_ex2_survey\temp
24-Sep-2024 14:50:15.044 INFO [main] org.apache.catalina.startup.VersionLoggerListener.log Command line argument: -Djava.util.logging.config.file=C:\Users\Ghelix\Desktop\BAIPTAP\ch06_ex2_survey\conf\logging.properties
24-Sep-2024 14:50:15.044 INFO [main] org.apache.catalina.startup.VersionLoggerListener.log Command line argument: -Djava.util.logging.manager=org.apache.juli.ClassLoaderLogManager
24-Sep-2024 14:50:15.044 INFO [main] org.apache.catalina.startup.VersionLoggerListener.log Command line argument: -javaagent:C:\Program Files\JetBrains\IntelliJ IDEA 2024.2.0.2\lib\idea_rt.jar=55641:C:\Program Files\JetBrains\IntelliJ IDEA 2024.2.0.2\bin
24-Sep-2024 14:50:15.044 INFO [main] org.apache.catalina.startup.VersionLoggerListener.log Command line argument: -Dfile.encoding=UTF-8
24-Sep-2024 14:50:15.045 INFO [main] org.apache.catalina.startup.VersionLoggerListener.log Command line argument: -Dsun.stdout.encoding=UTF-8
24-Sep-2024 14:50:15.045 INFO [main] org.apache.catalina.startup.VersionLoggerListener.log Command line argument: -Dsun.stderr.encoding=UTF-8
24-Sep-2024 14:50:15.047 INFO [main] org.apache.catalina.core.AprLifecycleListener.lifecycleEvent Loaded Apache Tomcat Native library [2.0.8] using APR version [1.7.4].
24-Sep-2024 14:50:15.052 INFO [main] org.apache.catalina.core.AprLifecycleListener.initializeSSL OpenSSL successfully initialized [OpenSSL 3.0.14 4 Jun 2024]
24-Sep-2024 14:50:15.307 INFO [main] org.apache.coyote.AbstractProtocol.init Initializing ProtocolHandler ["http-nio-8080"]
24-Sep-2024 14:50:15.326 INFO [main] org.apache.catalina.startup.Catalina.load Server initialization in [449] milliseconds
24-Sep-2024 14:50:15.369 INFO [main] org.apache.catalina.core.StandardService.startInternal Starting service [Catalina]
24-Sep-2024 14:50:15.369 INFO [main] org.apache.catalina.core.StandardEngine.startInternal Starting Servlet engine: [Apache Tomcat/10.1.28]
24-Sep-2024 14:50:15.378 INFO [main] org.apache.catalina.startup.HostConfig.deployDescriptor Deploying deployment descriptor [C:\Users\Ghelix\Desktop\BAIPTAP\ch06_ex2_survey\conf\Catalina\localhost\ch06_ex2_survey.xml]
24-Sep-2024 14:50:15.994 INFO [main] org.apache.jasper.servlet.TldScanner.scanJars At least one JAR was scanned for TLDs yet contained no TLDs. Enable debug logging for this logger for a complete list of JARs that were scanned but no TLDs were found in them. Skipping unneeded JARs during scanning can improve startup time and JSP compilation time.
24-Sep-2024 14:50:16.056 INFO [main] org.apache.catalina.startup.HostConfig.deployDescriptor Deployment of deployment descriptor [C:\Users\Ghelix\Desktop\BAIPTAP\ch06_ex2_survey\conf\Catalina\localhost\ch06_ex2_survey.xml] has finished in [678] ms
24-Sep-2024 14:50:16.056 INFO [main] org.apache.catalina.startup.HostConfig.deployDescriptor Deploying deployment descriptor [C:\Users\Ghelix\Desktop\BAIPTAP\ch06_ex2_survey\conf\Catalina\localhost\WebApplication1.xml]
24-Sep-2024 14:50:16.057 WARNING [main] org.apache.catalina.startup.HostConfig.deployDescriptor The path attribute with value [/WebApplication1] in deployment descriptor [C:\Users\Ghelix\Desktop\BAIPTAP\ch06_ex2_survey\conf\Catalina\localhost\WebApplication1.xml] has been ignored
24-Sep-2024 14:50:16.112 INFO [main] org.apache.jasper.servlet.TldScanner.scanJars At least one JAR was scanned for TLDs yet contained no TLDs. Enable debug logging for this logger for a complete list of JARs that were scanned but no TLDs were found in them. Skipping unneeded JARs during scanning can improve startup time and JSP compilation time.
24-Sep-2024 14:50:16.115 INFO [main] org.apache.catalina.startup.HostConfig.deployDescriptor Deployment of deployment descriptor [C:\Users\Ghelix\Desktop\BAIPTAP\ch06_ex2_survey\conf\Catalina\localhost\WebApplication1.xml] has finished in [59] ms
24-Sep-2024 14:50:16.118 INFO [main] org.apache.coyote.AbstractProtocol.start Starting ProtocolHandler ["http-nio-8080"]
24-Sep-2024 14:50:16.136 INFO [main] org.apache.catalina.startup.Catalina.start Server startup in [809] milliseconds
24-Sep-2024 14:53:34.263 INFO [Thread-1] org.apache.coyote.AbstractProtocol.pause Pausing ProtocolHandler ["http-nio-8080"]
24-Sep-2024 14:53:34.271 INFO [Thread-1] org.apache.catalina.core.StandardService.stopInternal Stopping service [Catalina]
24-Sep-2024 14:53:34.283 INFO [Thread-1] org.apache.coyote.AbstractProtocol.stop Stopping ProtocolHandler ["http-nio-8080"]
24-Sep-2024 14:53:34.296 INFO [Thread-1] org.apache.coyote.AbstractProtocol.destroy Destroying ProtocolHandler ["http-nio-8080"]
